<?xml version="1.0" encoding="UTF-8"?>
<testsuite name="sa.service.PaymentServiceTest" tests="1" skipped="0" failures="0" errors="0" timestamp="2024-12-03T14:50:29" hostname="DESKTOP-HKC31JI" time="1.143">
  <properties/>
  <testcase name="processPayment()" classname="sa.service.PaymentServiceTest" time="1.143"/>
  <system-out><![CDATA[23:50:24.356 [Test worker] INFO org.springframework.test.context.support.AnnotationConfigContextLoaderUtils -- Could not detect default configuration classes for test class [sa.service.PaymentServiceTest]: PaymentServiceTest does not declare any static, non-private, non-final, nested classes annotated with @Configuration.
23:50:24.492 [Test worker] INFO org.springframework.boot.test.context.SpringBootTestContextBootstrapper -- Found @SpringBootConfiguration sa.SpringPaymentApplication for test class sa.service.PaymentServiceTest

  .   ____          _            __ _ _
 /\\ / ___'_ __ _ _(_)_ __  __ _ \ \ \ \
( ( )\___ | '_ | '_| | '_ \/ _` | \ \ \ \
 \\/  ___)| |_)| | | | | || (_| |  ) ) ) )
  '  |____| .__|_| |_|_| |_\__, | / / / /
 =========|_|==============|___/=/_/_/_/

 :: Spring Boot ::                (v3.4.0)

2024-12-03T23:50:25.062+09:00  INFO 9424 --- [    Test worker] sa.service.PaymentServiceTest            : Starting PaymentServiceTest using Java 17.0.4.1 with PID 9424 (started by user in C:\Users\user\Desktop\UnifiedDeliveryService\project\SoftwareArchitecture_Woowa\payment)
2024-12-03T23:50:25.063+09:00  INFO 9424 --- [    Test worker] sa.service.PaymentServiceTest            : No active profile set, falling back to 1 default profile: "default"
2024-12-03T23:50:25.801+09:00  INFO 9424 --- [    Test worker] .s.d.r.c.RepositoryConfigurationDelegate : Bootstrapping Spring Data JPA repositories in DEFAULT mode.
2024-12-03T23:50:25.869+09:00  INFO 9424 --- [    Test worker] .s.d.r.c.RepositoryConfigurationDelegate : Finished Spring Data repository scanning in 57 ms. Found 1 JPA repository interface.
2024-12-03T23:50:26.423+09:00  INFO 9424 --- [    Test worker] o.hibernate.jpa.internal.util.LogHelper  : HHH000204: Processing PersistenceUnitInfo [name: default]
2024-12-03T23:50:26.509+09:00  INFO 9424 --- [    Test worker] org.hibernate.Version                    : HHH000412: Hibernate ORM core version 6.6.2.Final
2024-12-03T23:50:26.558+09:00  INFO 9424 --- [    Test worker] o.h.c.internal.RegionFactoryInitiator    : HHH000026: Second-level cache disabled
2024-12-03T23:50:26.905+09:00  INFO 9424 --- [    Test worker] o.s.o.j.p.SpringPersistenceUnitInfo      : No LoadTimeWeaver setup: ignoring JPA class transformer
2024-12-03T23:50:26.942+09:00  INFO 9424 --- [    Test worker] com.zaxxer.hikari.HikariDataSource       : HikariPool-1 - Starting...
2024-12-03T23:50:27.242+09:00  INFO 9424 --- [    Test worker] com.zaxxer.hikari.pool.HikariPool        : HikariPool-1 - Added connection com.mysql.cj.jdbc.ConnectionImpl@51df2a41
2024-12-03T23:50:27.245+09:00  INFO 9424 --- [    Test worker] com.zaxxer.hikari.HikariDataSource       : HikariPool-1 - Start completed.
2024-12-03T23:50:27.300+09:00  WARN 9424 --- [    Test worker] org.hibernate.orm.deprecation            : HHH90000025: MySQL8Dialect does not need to be specified explicitly using 'hibernate.dialect' (remove the property setting and it will be selected by default)
2024-12-03T23:50:27.301+09:00  WARN 9424 --- [    Test worker] org.hibernate.orm.deprecation            : HHH90000026: MySQL8Dialect has been deprecated; use org.hibernate.dialect.MySQLDialect instead
2024-12-03T23:50:27.323+09:00  INFO 9424 --- [    Test worker] org.hibernate.orm.connections.pooling    : HHH10001005: Database info:
	Database JDBC URL [Connecting through datasource 'HikariDataSource (HikariPool-1)']
	Database driver: undefined/unknown
	Database version: 8.0
	Autocommit mode: undefined/unknown
	Isolation level: undefined/unknown
	Minimum pool size: undefined/unknown
	Maximum pool size: undefined/unknown
2024-12-03T23:50:28.863+09:00  INFO 9424 --- [    Test worker] o.h.e.t.j.p.i.JtaPlatformInitiator       : HHH000489: No JTA platform available (set 'hibernate.transaction.jta.platform' to enable JTA platform integration)
2024-12-03T23:50:28.948+09:00  INFO 9424 --- [    Test worker] j.LocalContainerEntityManagerFactoryBean : Initialized JPA EntityManagerFactory for persistence unit 'default'
2024-12-03T23:50:29.407+09:00  WARN 9424 --- [    Test worker] JpaBaseConfiguration$JpaWebConfiguration : spring.jpa.open-in-view is enabled by default. Therefore, database queries may be performed during view rendering. Explicitly configure spring.jpa.open-in-view to disable this warning
2024-12-03T23:50:29.912+09:00  INFO 9424 --- [    Test worker] sa.service.PaymentServiceTest            : Started PaymentServiceTest in 5.236 seconds (process running for 6.61)
Hibernate: 
    insert 
    into
        account_transfers
        (user_id, account_number, balance) 
    values
        (?, ?, ?)
Hibernate: 
    select
        at1_0.account_transfer_id,
        at1_0.account_number,
        at1_0.balance,
        at1_0.user_id 
    from
        account_transfers at1_0 
    where
        at1_0.user_id=?
Hibernate: 
    insert 
    into
        payments
        (payment_method_type, payment_status, total_price, user_id) 
    values
        (?, ?, ?, ?)
]]></system-out>
  <system-err><![CDATA[]]></system-err>
</testsuite>
