<?xml version="1.0" encoding="UTF-8"?>
<testsuite name="sa.service.UserServiceTest" tests="1" skipped="0" failures="0" errors="0" timestamp="2024-11-28T18:02:24" hostname="kwakyoonaui-MacBookPro.local" time="0.417">
  <properties/>
  <testcase name="addUser()" classname="sa.service.UserServiceTest" time="0.417"/>
  <system-out><![CDATA[03:02:21.667 [Test worker] INFO org.springframework.test.context.support.AnnotationConfigContextLoaderUtils -- Could not detect default configuration classes for test class [sa.service.UserServiceTest]: UserServiceTest does not declare any static, non-private, non-final, nested classes annotated with @Configuration.
03:02:21.733 [Test worker] INFO org.springframework.boot.test.context.SpringBootTestContextBootstrapper -- Found @SpringBootConfiguration sa.SpringWoowaApplication for test class sa.service.UserServiceTest

  .   ____          _            __ _ _
 /\\ / ___'_ __ _ _(_)_ __  __ _ \ \ \ \
( ( )\___ | '_ | '_| | '_ \/ _` | \ \ \ \
 \\/  ___)| |_)| | | | | || (_| |  ) ) ) )
  '  |____| .__|_| |_|_| |_\__, | / / / /
 =========|_|==============|___/=/_/_/_/

 :: Spring Boot ::                (v3.4.0)

2024-11-29T03:02:21.985+09:00  INFO 88100 --- [    Test worker] sa.service.UserServiceTest               : Starting UserServiceTest using Java 17.0.3 with PID 88100 (started by kyn in /Users/kyn/Konkuk/소프트웨어아키텍처/project/SoftwareArchitecture_Woowa/woowa)
2024-11-29T03:02:21.986+09:00  INFO 88100 --- [    Test worker] sa.service.UserServiceTest               : No active profile set, falling back to 1 default profile: "default"
2024-11-29T03:02:22.345+09:00  INFO 88100 --- [    Test worker] .s.d.r.c.RepositoryConfigurationDelegate : Bootstrapping Spring Data JPA repositories in DEFAULT mode.
2024-11-29T03:02:22.377+09:00  INFO 88100 --- [    Test worker] .s.d.r.c.RepositoryConfigurationDelegate : Finished Spring Data repository scanning in 26 ms. Found 1 JPA repository interface.
2024-11-29T03:02:22.604+09:00  INFO 88100 --- [    Test worker] o.hibernate.jpa.internal.util.LogHelper  : HHH000204: Processing PersistenceUnitInfo [name: default]
2024-11-29T03:02:22.639+09:00  INFO 88100 --- [    Test worker] org.hibernate.Version                    : HHH000412: Hibernate ORM core version 6.6.2.Final
2024-11-29T03:02:22.661+09:00  INFO 88100 --- [    Test worker] o.h.c.internal.RegionFactoryInitiator    : HHH000026: Second-level cache disabled
2024-11-29T03:02:22.834+09:00  INFO 88100 --- [    Test worker] o.s.o.j.p.SpringPersistenceUnitInfo      : No LoadTimeWeaver setup: ignoring JPA class transformer
2024-11-29T03:02:22.852+09:00  INFO 88100 --- [    Test worker] com.zaxxer.hikari.HikariDataSource       : HikariPool-1 - Starting...
2024-11-29T03:02:23.040+09:00  INFO 88100 --- [    Test worker] com.zaxxer.hikari.pool.HikariPool        : HikariPool-1 - Added connection com.mysql.cj.jdbc.ConnectionImpl@248b2b61
2024-11-29T03:02:23.041+09:00  INFO 88100 --- [    Test worker] com.zaxxer.hikari.HikariDataSource       : HikariPool-1 - Start completed.
2024-11-29T03:02:23.077+09:00  WARN 88100 --- [    Test worker] org.hibernate.orm.deprecation            : HHH90000025: MySQL8Dialect does not need to be specified explicitly using 'hibernate.dialect' (remove the property setting and it will be selected by default)
2024-11-29T03:02:23.078+09:00  WARN 88100 --- [    Test worker] org.hibernate.orm.deprecation            : HHH90000026: MySQL8Dialect has been deprecated; use org.hibernate.dialect.MySQLDialect instead
2024-11-29T03:02:23.090+09:00  INFO 88100 --- [    Test worker] org.hibernate.orm.connections.pooling    : HHH10001005: Database info:
	Database JDBC URL [Connecting through datasource 'HikariDataSource (HikariPool-1)']
	Database driver: undefined/unknown
	Database version: 8.0
	Autocommit mode: undefined/unknown
	Isolation level: undefined/unknown
	Minimum pool size: undefined/unknown
	Maximum pool size: undefined/unknown
2024-11-29T03:02:23.575+09:00  INFO 88100 --- [    Test worker] o.h.e.t.j.p.i.JtaPlatformInitiator       : HHH000489: No JTA platform available (set 'hibernate.transaction.jta.platform' to enable JTA platform integration)
Hibernate: 
    drop table if exists users
Hibernate: 
    create table users (
        x float(53),
        y float(53),
        user_id bigint not null auto_increment,
        location_name varchar(255),
        user_name varchar(255),
        user_role enum ('CUSTOMER','MANAGER','STORE'),
        primary key (user_id)
    ) engine=InnoDB
2024-11-29T03:02:23.623+09:00  INFO 88100 --- [    Test worker] j.LocalContainerEntityManagerFactoryBean : Initialized JPA EntityManagerFactory for persistence unit 'default'
2024-11-29T03:02:23.854+09:00  WARN 88100 --- [    Test worker] JpaBaseConfiguration$JpaWebConfiguration : spring.jpa.open-in-view is enabled by default. Therefore, database queries may be performed during view rendering. Explicitly configure spring.jpa.open-in-view to disable this warning
2024-11-29T03:02:24.116+09:00  INFO 88100 --- [    Test worker] sa.service.UserServiceTest               : Started UserServiceTest in 2.293 seconds (process running for 2.906)
Hibernate: 
    insert 
    into
        users
        (location_name, x, y, user_name, user_role) 
    values
        (?, ?, ?, ?, ?)
]]></system-out>
  <system-err><![CDATA[]]></system-err>
</testsuite>
